<?xml version="1.0" encoding="UTF-8"?>
<testng-results skipped="1" failed="0" total="4" passed="3">
  <reporter-output>
  </reporter-output>
  <suite name="Selenium Grid Parallel Suite" duration-ms="33827" started-at="2020-06-05T16:31:19Z" finished-at="2020-06-05T16:31:53Z">
    <groups>
    </groups>
    <test name="Selenium Grid Parallel Tests" duration-ms="33827" started-at="2020-06-05T16:31:19Z" finished-at="2020-06-05T16:31:53Z">
      <class name="com.Grid.Tests.AmazonTest">
        <test-method status="PASS" signature="setUp()[pri:0, instance:com.Grid.Tests.AmazonTest@548a9f61]" name="setUp" is-config="true" duration-ms="5230" started-at="2020-06-05T22:01:19Z" finished-at="2020-06-05T22:01:25Z">
          <reporter-output>
          </reporter-output>
        </test-method> <!-- setUp -->
        <test-method status="PASS" signature="amazonTest_1()[pri:1, instance:com.Grid.Tests.AmazonTest@548a9f61]" name="amazonTest_1" duration-ms="6182" started-at="2020-06-05T22:01:25Z" finished-at="2020-06-05T22:01:31Z">
          <reporter-output>
          </reporter-output>
        </test-method> <!-- amazonTest_1 -->
        <test-method status="PASS" signature="tearDown()[pri:0, instance:com.Grid.Tests.AmazonTest@548a9f61]" name="tearDown" is-config="true" duration-ms="179" started-at="2020-06-05T22:01:31Z" finished-at="2020-06-05T22:01:31Z">
          <reporter-output>
          </reporter-output>
        </test-method> <!-- tearDown -->
        <test-method status="FAIL" signature="setUp()[pri:0, instance:com.Grid.Tests.AmazonTest@548a9f61]" name="setUp" is-config="true" duration-ms="0" started-at="2020-06-05T22:01:49Z" finished-at="2020-06-05T22:01:49Z">
          <exception class="org.openqa.selenium.WebDriverException">
            <message>
              <![CDATA[Session [0f8b83596a17e4f9032da1f15a5cd12a] not available and is not among the last 1000 terminated sessions.
Active sessions are[ext. key cd6bf8c4eff47acf0fd25a40071099c3, ext. key 5aed1c7bc7d3f1a32e9d06209e511481, ext. key d292c1b6ae797a482d9a113514c8e70a]
Build info: version: '3.141.59', revision: 'e82be7d358', time: '2018-11-14T08:17:03'
System info: host: 'ADMIN-PC', ip: '192.168.56.1', os.name: 'Windows 7', os.arch: 'amd64', os.version: '6.1', java.version: '1.8.0_211'
Driver info: org.openqa.selenium.remote.RemoteWebDriver
Capabilities {acceptInsecureCerts: false, browserName: chrome, browserVersion: 83.0.4103.61, chrome: {chromedriverVersion: 83.0.4103.39 (ccbf011cb2d2b..., userDataDir: C:\Users\Admin\AppData\Loca...}, goog:chromeOptions: {debuggerAddress: localhost:50160}, javascriptEnabled: true, networkConnectionEnabled: false, pageLoadStrategy: normal, platform: WINDOWS, platformName: WINDOWS, proxy: Proxy(), setWindowRect: true, strictFileInteractability: false, timeouts: {implicit: 0, pageLoad: 300000, script: 30000}, unhandledPromptBehavior: dismiss and notify, webauthn:virtualAuthenticators: true, webdriver.remote.sessionid: 0f8b83596a17e4f9032da1f15a5...}
Session ID: 0f8b83596a17e4f9032da1f15a5cd12a]]>
            </message>
            <full-stacktrace>
              <![CDATA[org.openqa.selenium.WebDriverException: Session [0f8b83596a17e4f9032da1f15a5cd12a] not available and is not among the last 1000 terminated sessions.
Active sessions are[ext. key cd6bf8c4eff47acf0fd25a40071099c3, ext. key 5aed1c7bc7d3f1a32e9d06209e511481, ext. key d292c1b6ae797a482d9a113514c8e70a]
Build info: version: '3.141.59', revision: 'e82be7d358', time: '2018-11-14T08:17:03'
System info: host: 'ADMIN-PC', ip: '192.168.56.1', os.name: 'Windows 7', os.arch: 'amd64', os.version: '6.1', java.version: '1.8.0_211'
Driver info: org.openqa.selenium.remote.RemoteWebDriver
Capabilities {acceptInsecureCerts: false, browserName: chrome, browserVersion: 83.0.4103.61, chrome: {chromedriverVersion: 83.0.4103.39 (ccbf011cb2d2b..., userDataDir: C:\Users\Admin\AppData\Loca...}, goog:chromeOptions: {debuggerAddress: localhost:50160}, javascriptEnabled: true, networkConnectionEnabled: false, pageLoadStrategy: normal, platform: WINDOWS, platformName: WINDOWS, proxy: Proxy(), setWindowRect: true, strictFileInteractability: false, timeouts: {implicit: 0, pageLoad: 300000, script: 30000}, unhandledPromptBehavior: dismiss and notify, webauthn:virtualAuthenticators: true, webdriver.remote.sessionid: 0f8b83596a17e4f9032da1f15a5...}
Session ID: 0f8b83596a17e4f9032da1f15a5cd12a
	at sun.reflect.NativeConstructorAccessorImpl.newInstance0(Native Method)
	at sun.reflect.NativeConstructorAccessorImpl.newInstance(NativeConstructorAccessorImpl.java:62)
	at sun.reflect.DelegatingConstructorAccessorImpl.newInstance(DelegatingConstructorAccessorImpl.java:45)
	at java.lang.reflect.Constructor.newInstance(Constructor.java:423)
	at org.openqa.selenium.remote.http.W3CHttpResponseCodec.createException(W3CHttpResponseCodec.java:187)
	at org.openqa.selenium.remote.http.W3CHttpResponseCodec.decode(W3CHttpResponseCodec.java:122)
	at org.openqa.selenium.remote.http.W3CHttpResponseCodec.decode(W3CHttpResponseCodec.java:49)
	at org.openqa.selenium.remote.HttpCommandExecutor.execute(HttpCommandExecutor.java:158)
	at org.openqa.selenium.remote.RemoteWebDriver.execute(RemoteWebDriver.java:552)
	at org.openqa.selenium.remote.RemoteWebDriver.execute(RemoteWebDriver.java:609)
	at org.openqa.selenium.remote.RemoteWebDriver$RemoteWebDriverOptions$RemoteWindow.maximize(RemoteWebDriver.java:837)
	at com.Grid.BaseClass.TestBase.initializeDriver(TestBase.java:30)
	at com.Grid.Tests.AmazonTest.setUp(AmazonTest.java:21)
	at sun.reflect.NativeMethodAccessorImpl.invoke0(Native Method)
	at sun.reflect.NativeMethodAccessorImpl.invoke(NativeMethodAccessorImpl.java:62)
	at sun.reflect.DelegatingMethodAccessorImpl.invoke(DelegatingMethodAccessorImpl.java:43)
	at java.lang.reflect.Method.invoke(Method.java:498)
	at org.testng.internal.MethodInvocationHelper.invokeMethod(MethodInvocationHelper.java:86)
	at org.testng.internal.Invoker.invokeConfigurationMethod(Invoker.java:515)
	at org.testng.internal.Invoker.invokeConfigurations(Invoker.java:216)
	at org.testng.internal.Invoker.invokeMethod(Invoker.java:590)
	at org.testng.internal.Invoker.invokeTestMethod(Invoker.java:823)
	at org.testng.internal.Invoker.invokeTestMethods(Invoker.java:1131)
	at org.testng.internal.TestMethodWorker.invokeTestMethods(TestMethodWorker.java:129)
	at org.testng.internal.TestMethodWorker.run(TestMethodWorker.java:112)
	at java.util.concurrent.ThreadPoolExecutor.runWorker(ThreadPoolExecutor.java:1149)
	at java.util.concurrent.ThreadPoolExecutor$Worker.run(ThreadPoolExecutor.java:624)
	at java.lang.Thread.run(Thread.java:748)
]]>
            </full-stacktrace>
          </exception> <!-- org.openqa.selenium.WebDriverException -->
          <reporter-output>
          </reporter-output>
        </test-method> <!-- setUp -->
        <test-method status="SKIP" signature="amazonTest_2()[pri:2, instance:com.Grid.Tests.AmazonTest@548a9f61]" name="amazonTest_2" duration-ms="1" started-at="2020-06-05T22:01:53Z" finished-at="2020-06-05T22:01:53Z">
          <reporter-output>
          </reporter-output>
        </test-method> <!-- amazonTest_2 -->
        <test-method status="PASS" signature="tearDown()[pri:0, instance:com.Grid.Tests.AmazonTest@548a9f61]" name="tearDown" is-config="true" duration-ms="0" started-at="2020-06-05T22:01:53Z" finished-at="2020-06-05T22:01:53Z">
          <reporter-output>
          </reporter-output>
        </test-method> <!-- tearDown -->
      </class> <!-- com.Grid.Tests.AmazonTest -->
      <class name="com.Grid.Tests.GithubTest">
        <test-method status="PASS" signature="setUp()[pri:0, instance:com.Grid.Tests.GithubTest@4f933fd1]" name="setUp" is-config="true" duration-ms="5330" started-at="2020-06-05T22:01:19Z" finished-at="2020-06-05T22:01:25Z">
          <reporter-output>
          </reporter-output>
        </test-method> <!-- setUp -->
        <test-method status="PASS" signature="githubTest_1()[pri:1, instance:com.Grid.Tests.GithubTest@4f933fd1]" name="githubTest_1" duration-ms="24335" started-at="2020-06-05T22:01:25Z" finished-at="2020-06-05T22:01:49Z">
          <reporter-output>
          </reporter-output>
        </test-method> <!-- githubTest_1 -->
        <test-method status="PASS" signature="setUp()[pri:0, instance:com.Grid.Tests.GithubTest@4f933fd1]" name="setUp" is-config="true" duration-ms="4760" started-at="2020-06-05T22:01:31Z" finished-at="2020-06-05T22:01:36Z">
          <reporter-output>
          </reporter-output>
        </test-method> <!-- setUp -->
        <test-method status="PASS" signature="githubTest_2()[pri:2, instance:com.Grid.Tests.GithubTest@4f933fd1]" name="githubTest_2" duration-ms="13313" started-at="2020-06-05T22:01:36Z" finished-at="2020-06-05T22:01:49Z">
          <reporter-output>
          </reporter-output>
        </test-method> <!-- githubTest_2 -->
        <test-method status="PASS" signature="tearDown()[pri:0, instance:com.Grid.Tests.GithubTest@4f933fd1]" name="tearDown" is-config="true" duration-ms="51" started-at="2020-06-05T22:01:49Z" finished-at="2020-06-05T22:01:49Z">
          <reporter-output>
          </reporter-output>
        </test-method> <!-- tearDown -->
        <test-method status="PASS" signature="tearDown()[pri:0, instance:com.Grid.Tests.GithubTest@4f933fd1]" name="tearDown" is-config="true" duration-ms="153" started-at="2020-06-05T22:01:49Z" finished-at="2020-06-05T22:01:49Z">
          <reporter-output>
          </reporter-output>
        </test-method> <!-- tearDown -->
      </class> <!-- com.Grid.Tests.GithubTest -->
    </test> <!-- Selenium Grid Parallel Tests -->
  </suite> <!-- Selenium Grid Parallel Suite -->
</testng-results>
